build/outputs/logs/manifest-merger-debug-report.txt
-- Merging decision tree log ---
manifest
ADDED from workspace\Launcher3\AndroidManifest.xml:19:1-229:12
	package
		ADDED from workspace\Launcher3\AndroidManifest.xml:20:5-36
		INJECTED from workspace\Launcher3\AndroidManifest.xml
		INJECTED from workspace\Launcher3\AndroidManifest.xml
	xmlns:android
		ADDED from workspace\Launcher3\AndroidManifest.xml:19:11-69
uses-sdk
ADDED from workspace\Launcher3\AndroidManifest.xml:22:5-24:41
MERGED from [Launcher3:WallpaperPicker:unspecified] AndroidManifest.xml:7:5-9:41
	android:targetSdkVersion
		ADDED from workspace\Launcher3\AndroidManifest.xml:24:9-38
		INJECTED from workspace\Launcher3\AndroidManifest.xml
		INJECTED from workspace\Launcher3\AndroidManifest.xml
	android:minSdkVersion
		ADDED from workspace\Launcher3\AndroidManifest.xml:23:9-35
		INJECTED from workspace\Launcher3\AndroidManifest.xml
		INJECTED from workspace\Launcher3\AndroidManifest.xml
permission#com.android.launcher.permission.INSTALL_SHORTCUT
ADDED from workspace\Launcher3\AndroidManifest.xml:27:5-32:47
	android:label
		ADDED from workspace\Launcher3\AndroidManifest.xml:30:9-57
	android:protectionLevel
		ADDED from workspace\Launcher3\AndroidManifest.xml:32:9-44
	android:permissionGroup
		ADDED from workspace\Launcher3\AndroidManifest.xml:31:9-72
	android:description
		ADDED from workspace\Launcher3\AndroidManifest.xml:29:9-64
	android:name
		ADDED from workspace\Launcher3\AndroidManifest.xml:28:9-72
permission#com.android.launcher.permission.UNINSTALL_SHORTCUT
ADDED from workspace\Launcher3\AndroidManifest.xml:33:5-38:47
	android:label
		ADDED from workspace\Launcher3\AndroidManifest.xml:36:9-59
	android:protectionLevel
		ADDED from workspace\Launcher3\AndroidManifest.xml:38:9-44
	android:permissionGroup
		ADDED from workspace\Launcher3\AndroidManifest.xml:37:9-72
	android:description
		ADDED from workspace\Launcher3\AndroidManifest.xml:35:9-66
	android:name
		ADDED from workspace\Launcher3\AndroidManifest.xml:34:9-74
permission#com.android.launcher3.permission.READ_SETTINGS_DH
ADDED from workspace\Launcher3\AndroidManifest.xml:39:5-44:44
	android:label
		ADDED from workspace\Launcher3\AndroidManifest.xml:42:9-54
	android:protectionLevel
		ADDED from workspace\Launcher3\AndroidManifest.xml:44:9-41
	android:permissionGroup
		ADDED from workspace\Launcher3\AndroidManifest.xml:43:9-72
	android:description
		ADDED from workspace\Launcher3\AndroidManifest.xml:41:9-61
	android:name
		ADDED from workspace\Launcher3\AndroidManifest.xml:40:9-73
permission#com.android.launcher3.permission.WRITE_SETTINGS_DH
ADDED from workspace\Launcher3\AndroidManifest.xml:45:5-50:55
	android:label
		ADDED from workspace\Launcher3\AndroidManifest.xml:48:9-55
	android:protectionLevel
		ADDED from workspace\Launcher3\AndroidManifest.xml:50:9-52
	android:permissionGroup
		ADDED from workspace\Launcher3\AndroidManifest.xml:49:9-72
	android:description
		ADDED from workspace\Launcher3\AndroidManifest.xml:47:9-62
	android:name
		ADDED from workspace\Launcher3\AndroidManifest.xml:46:9-74
permission#com.android.launcher3.permission.RECEIVE_LAUNCH_BROADCASTS_DH
ADDED from workspace\Launcher3\AndroidManifest.xml:51:5-53:47
	android:protectionLevel
		ADDED from workspace\Launcher3\AndroidManifest.xml:53:9-44
	android:name
		ADDED from workspace\Launcher3\AndroidManifest.xml:52:9-85
permission#com.android.launcher3.permission.RECEIVE_FIRST_LOAD_BROADCAST_DH
ADDED from workspace\Launcher3\AndroidManifest.xml:54:5-56:55
	android:protectionLevel
		ADDED from workspace\Launcher3\AndroidManifest.xml:56:9-52
	android:name
		ADDED from workspace\Launcher3\AndroidManifest.xml:55:9-88
uses-permission#android.permission.CALL_PHONE
ADDED from workspace\Launcher3\AndroidManifest.xml:58:5-69
	android:name
		ADDED from workspace\Launcher3\AndroidManifest.xml:58:22-66
uses-permission#android.permission.SET_WALLPAPER
ADDED from workspace\Launcher3\AndroidManifest.xml:59:5-72
	android:name
		ADDED from workspace\Launcher3\AndroidManifest.xml:59:22-69
uses-permission#android.permission.SET_WALLPAPER_HINTS
ADDED from workspace\Launcher3\AndroidManifest.xml:60:5-78
	android:name
		ADDED from workspace\Launcher3\AndroidManifest.xml:60:22-75
uses-permission#android.permission.VIBRATE
ADDED from workspace\Launcher3\AndroidManifest.xml:61:5-66
	android:name
		ADDED from workspace\Launcher3\AndroidManifest.xml:61:22-63
uses-permission#android.permission.BIND_APPWIDGET
ADDED from workspace\Launcher3\AndroidManifest.xml:62:5-73
	android:name
		ADDED from workspace\Launcher3\AndroidManifest.xml:62:22-70
uses-permission#android.permission.GET_ACCOUNTS
ADDED from workspace\Launcher3\AndroidManifest.xml:63:5-71
	android:name
		ADDED from workspace\Launcher3\AndroidManifest.xml:63:22-68
uses-permission#android.permission.READ_EXTERNAL_STORAGE
ADDED from workspace\Launcher3\AndroidManifest.xml:64:5-80
	android:name
		ADDED from workspace\Launcher3\AndroidManifest.xml:64:22-77
uses-permission#android.permission.BROADCAST_STICKY
ADDED from workspace\Launcher3\AndroidManifest.xml:65:5-75
	android:name
		ADDED from workspace\Launcher3\AndroidManifest.xml:65:22-72
uses-permission#android.permission.RECEIVE_BOOT_COMPLETED
ADDED from workspace\Launcher3\AndroidManifest.xml:66:5-81
	android:name
		ADDED from workspace\Launcher3\AndroidManifest.xml:66:22-78
uses-permission#com.android.launcher.permission.READ_SETTINGS
ADDED from workspace\Launcher3\AndroidManifest.xml:67:5-85
	android:name
		ADDED from workspace\Launcher3\AndroidManifest.xml:67:22-82
uses-permission#com.android.launcher.permission.WRITE_SETTINGS
ADDED from workspace\Launcher3\AndroidManifest.xml:68:5-86
	android:name
		ADDED from workspace\Launcher3\AndroidManifest.xml:68:22-83
uses-permission#com.android.launcher3.permission.READ_SETTINGS_DH
ADDED from workspace\Launcher3\AndroidManifest.xml:69:5-89
	android:name
		ADDED from workspace\Launcher3\AndroidManifest.xml:69:22-86
uses-permission#com.android.launcher3.permission.WRITE_SETTINGS_DH
ADDED from workspace\Launcher3\AndroidManifest.xml:70:5-90
	android:name
		ADDED from workspace\Launcher3\AndroidManifest.xml:70:22-87
uses-permission#com.android.launcher3.permission.RECEIVE_LAUNCH_BROADCASTS_DH
ADDED from workspace\Launcher3\AndroidManifest.xml:71:5-101
	android:name
		ADDED from workspace\Launcher3\AndroidManifest.xml:71:22-98
uses-permission#com.android.launcher3.permission.RECEIVE_FIRST_LOAD_BROADCAST_DH
ADDED from workspace\Launcher3\AndroidManifest.xml:72:5-104
	android:name
		ADDED from workspace\Launcher3\AndroidManifest.xml:72:22-101
application
ADDED from workspace\Launcher3\AndroidManifest.xml:74:5-228:19
	android:backupAgent
		ADDED from workspace\Launcher3\AndroidManifest.xml:77:9-78
	android:label
		ADDED from workspace\Launcher3\AndroidManifest.xml:80:9-49
	android:supportsRtl
		ADDED from workspace\Launcher3\AndroidManifest.xml:83:9-35
	android:hardwareAccelerated
		ADDED from workspace\Launcher3\AndroidManifest.xml:78:9-43
	android:allowBackup
		ADDED from workspace\Launcher3\AndroidManifest.xml:76:9-50
	android:icon
		ADDED from workspace\Launcher3\AndroidManifest.xml:79:9-48
	android:largeHeap
		ADDED from workspace\Launcher3\AndroidManifest.xml:81:9-51
	android:restoreAnyVersion
		ADDED from workspace\Launcher3\AndroidManifest.xml:82:9-41
	android:name
		ADDED from workspace\Launcher3\AndroidManifest.xml:75:9-65
activity#com.android.launcher3.Launcher
ADDED from workspace\Launcher3\AndroidManifest.xml:85:9-101:20
	android:clearTaskOnLaunch
		ADDED from workspace\Launcher3\AndroidManifest.xml:87:13-45
	android:screenOrientation
		ADDED from workspace\Launcher3\AndroidManifest.xml:89:13-49
	android:stateNotNeeded
		ADDED from workspace\Launcher3\AndroidManifest.xml:90:13-42
	android:launchMode
		ADDED from workspace\Launcher3\AndroidManifest.xml:88:13-44
	android:windowSoftInputMode
		ADDED from workspace\Launcher3\AndroidManifest.xml:92:13-52
	android:configChanges
		ADDED from workspace\Launcher3\AndroidManifest.xml:93:13-67
	android:theme
		ADDED from workspace\Launcher3\AndroidManifest.xml:91:13-41
	android:name
		ADDED from workspace\Launcher3\AndroidManifest.xml:86:13-58
intent-filter#android.intent.action.MAIN+android.intent.category.DEFAULT+android.intent.category.HOME+android.intent.category.LAUNCHER+android.intent.category.MONKEY
ADDED from workspace\Launcher3\AndroidManifest.xml:94:13-100:29
action#android.intent.action.MAIN
ADDED from workspace\Launcher3\AndroidManifest.xml:95:17-69
	android:name
		ADDED from workspace\Launcher3\AndroidManifest.xml:95:25-66
category#android.intent.category.HOME
ADDED from workspace\Launcher3\AndroidManifest.xml:96:17-73
	android:name
		ADDED from workspace\Launcher3\AndroidManifest.xml:96:27-70
category#android.intent.category.DEFAULT
ADDED from workspace\Launcher3\AndroidManifest.xml:97:17-76
	android:name
		ADDED from workspace\Launcher3\AndroidManifest.xml:97:27-73
category#android.intent.category.MONKEY
ADDED from workspace\Launcher3\AndroidManifest.xml:98:17-75
	android:name
		ADDED from workspace\Launcher3\AndroidManifest.xml:98:27-72
category#android.intent.category.LAUNCHER
ADDED from workspace\Launcher3\AndroidManifest.xml:99:17-77
	android:name
		ADDED from workspace\Launcher3\AndroidManifest.xml:99:27-74
activity#com.android.launcher3.ToggleWeightWatcher
ADDED from workspace\Launcher3\AndroidManifest.xml:103:9-113:20
	android:enabled
		ADDED from workspace\Launcher3\AndroidManifest.xml:105:13-57
	android:label
		ADDED from workspace\Launcher3\AndroidManifest.xml:107:13-58
	android:icon
		ADDED from workspace\Launcher3\AndroidManifest.xml:106:13-52
	android:name
		ADDED from workspace\Launcher3\AndroidManifest.xml:104:13-69
intent-filter#android.intent.category.DEFAULT+android.intent.category.LAUNCHER
ADDED from workspace\Launcher3\AndroidManifest.xml:108:13-112:29
activity#com.android.launcher3.LauncherWallpaperPickerActivity
ADDED from workspace\Launcher3\AndroidManifest.xml:115:9-126:20
	android:finishOnCloseSystemDialogs
		ADDED from workspace\Launcher3\AndroidManifest.xml:117:13-54
	android:process
		ADDED from workspace\Launcher3\AndroidManifest.xml:120:13-49
	android:label
		ADDED from workspace\Launcher3\AndroidManifest.xml:119:13-51
	android:icon
		ADDED from workspace\Launcher3\AndroidManifest.xml:118:13-57
	android:theme
		ADDED from workspace\Launcher3\AndroidManifest.xml:121:13-57
	android:name
		ADDED from workspace\Launcher3\AndroidManifest.xml:116:13-81
intent-filter#android.intent.action.SET_WALLPAPER+android.intent.category.DEFAULT
ADDED from workspace\Launcher3\AndroidManifest.xml:122:13-125:29
action#android.intent.action.SET_WALLPAPER
ADDED from workspace\Launcher3\AndroidManifest.xml:123:17-78
	android:name
		ADDED from workspace\Launcher3\AndroidManifest.xml:123:25-75
activity#com.android.launcher3.WallpaperCropActivity
ADDED from workspace\Launcher3\AndroidManifest.xml:128:9-140:20
	android:finishOnCloseSystemDialogs
		ADDED from workspace\Launcher3\AndroidManifest.xml:130:13-54
	android:process
		ADDED from workspace\Launcher3\AndroidManifest.xml:133:13-49
	android:label
		ADDED from workspace\Launcher3\AndroidManifest.xml:132:13-51
	android:icon
		ADDED from workspace\Launcher3\AndroidManifest.xml:131:13-57
	android:theme
		ADDED from workspace\Launcher3\AndroidManifest.xml:134:13-58
	android:name
		ADDED from workspace\Launcher3\AndroidManifest.xml:129:13-71
intent-filter#android.intent.category.DEFAULT+android.service.wallpaper.CROP_AND_SET_WALLPAPER
ADDED from workspace\Launcher3\AndroidManifest.xml:135:13-139:29
action#android.service.wallpaper.CROP_AND_SET_WALLPAPER
ADDED from workspace\Launcher3\AndroidManifest.xml:136:17-91
	android:name
		ADDED from workspace\Launcher3\AndroidManifest.xml:136:25-88
data
ADDED from workspace\Launcher3\AndroidManifest.xml:138:17-52
	android:mimeType
		ADDED from workspace\Launcher3\AndroidManifest.xml:138:23-49
activity#com.android.launcher3.MemoryDumpActivity
ADDED from workspace\Launcher3\AndroidManifest.xml:143:9-155:20
	android:enabled
		ADDED from workspace\Launcher3\AndroidManifest.xml:145:13-57
	android:label
		ADDED from workspace\Launcher3\AndroidManifest.xml:148:13-58
	android:excludeFromRecents
		ADDED from workspace\Launcher3\AndroidManifest.xml:146:13-46
	android:icon
		ADDED from workspace\Launcher3\AndroidManifest.xml:147:13-52
	android:theme
		ADDED from workspace\Launcher3\AndroidManifest.xml:149:13-59
	android:name
		ADDED from workspace\Launcher3\AndroidManifest.xml:144:13-68
service#com.android.launcher3.MemoryTracker
ADDED from workspace\Launcher3\AndroidManifest.xml:157:9-159:68
	android:enabled
		ADDED from workspace\Launcher3\AndroidManifest.xml:159:13-57
	android:name
		ADDED from workspace\Launcher3\AndroidManifest.xml:158:13-63
receiver#com.android.launcher3.WallpaperChangedReceiver
ADDED from workspace\Launcher3\AndroidManifest.xml:161:9-165:20
	android:name
		ADDED from workspace\Launcher3\AndroidManifest.xml:161:19-80
intent-filter#android.intent.action.WALLPAPER_CHANGED
ADDED from workspace\Launcher3\AndroidManifest.xml:162:13-164:29
action#android.intent.action.WALLPAPER_CHANGED
ADDED from workspace\Launcher3\AndroidManifest.xml:163:17-82
	android:name
		ADDED from workspace\Launcher3\AndroidManifest.xml:163:25-79
receiver#com.android.launcher3.InstallShortcutReceiver
ADDED from workspace\Launcher3\AndroidManifest.xml:168:9-174:20
	android:permission
		ADDED from workspace\Launcher3\AndroidManifest.xml:170:13-82
	android:name
		ADDED from workspace\Launcher3\AndroidManifest.xml:169:13-73
intent-filter#com.android.launcher.action.INSTALL_SHORTCUT
ADDED from workspace\Launcher3\AndroidManifest.xml:171:13-173:29
action#com.android.launcher.action.INSTALL_SHORTCUT
ADDED from workspace\Launcher3\AndroidManifest.xml:172:17-87
	android:name
		ADDED from workspace\Launcher3\AndroidManifest.xml:172:25-84
receiver#com.android.launcher3.UninstallShortcutReceiver
ADDED from workspace\Launcher3\AndroidManifest.xml:177:9-183:20
	android:permission
		ADDED from workspace\Launcher3\AndroidManifest.xml:179:13-84
	android:name
		ADDED from workspace\Launcher3\AndroidManifest.xml:178:13-75
intent-filter#com.android.launcher.action.UNINSTALL_SHORTCUT
ADDED from workspace\Launcher3\AndroidManifest.xml:180:13-182:29
action#com.android.launcher.action.UNINSTALL_SHORTCUT
ADDED from workspace\Launcher3\AndroidManifest.xml:181:17-89
	android:name
		ADDED from workspace\Launcher3\AndroidManifest.xml:181:25-86
receiver#com.android.launcher3.AppWidgetsRestoredReceiver
ADDED from workspace\Launcher3\AndroidManifest.xml:186:9-190:20
	android:name
		ADDED from workspace\Launcher3\AndroidManifest.xml:186:19-82
intent-filter#android.appwidget.action.APPWIDGET_HOST_RESTORED
ADDED from workspace\Launcher3\AndroidManifest.xml:187:13-189:29
action#android.appwidget.action.APPWIDGET_HOST_RESTORED
ADDED from workspace\Launcher3\AndroidManifest.xml:188:17-91
	android:name
		ADDED from workspace\Launcher3\AndroidManifest.xml:188:25-88
receiver#com.android.launcher3.UserInitializeReceiver
ADDED from workspace\Launcher3\AndroidManifest.xml:193:9-199:20
	android:exported
		ADDED from workspace\Launcher3\AndroidManifest.xml:195:13-37
	android:name
		ADDED from workspace\Launcher3\AndroidManifest.xml:194:13-72
intent-filter#android.intent.action.USER_INITIALIZE
ADDED from workspace\Launcher3\AndroidManifest.xml:196:13-198:29
action#android.intent.action.USER_INITIALIZE
ADDED from workspace\Launcher3\AndroidManifest.xml:197:17-80
	android:name
		ADDED from workspace\Launcher3\AndroidManifest.xml:197:25-77
receiver#com.android.launcher3.PackageChangedReceiver
ADDED from workspace\Launcher3\AndroidManifest.xml:201:9-209:20
	android:name
		ADDED from workspace\Launcher3\AndroidManifest.xml:201:19-78
intent-filter#android.intent.action.PACKAGE_CHANGED+android.intent.action.PACKAGE_REMOVED+android.intent.action.PACKAGE_REPLACED
ADDED from workspace\Launcher3\AndroidManifest.xml:202:13-208:29
action#android.intent.action.PACKAGE_CHANGED
ADDED from workspace\Launcher3\AndroidManifest.xml:203:17-80
	android:name
		ADDED from workspace\Launcher3\AndroidManifest.xml:203:25-77
action#android.intent.action.PACKAGE_REPLACED
ADDED from workspace\Launcher3\AndroidManifest.xml:204:17-81
	android:name
		ADDED from workspace\Launcher3\AndroidManifest.xml:204:25-78
action#android.intent.action.PACKAGE_REMOVED
ADDED from workspace\Launcher3\AndroidManifest.xml:205:17-80
	android:name
		ADDED from workspace\Launcher3\AndroidManifest.xml:205:25-77
receiver#com.android.launcher3.StartupReceiver
ADDED from workspace\Launcher3\AndroidManifest.xml:211:9-215:20
	android:name
		ADDED from workspace\Launcher3\AndroidManifest.xml:211:19-71
intent-filter#android.intent.action.BOOT_COMPLETED
ADDED from workspace\Launcher3\AndroidManifest.xml:212:13-214:29
action#android.intent.action.BOOT_COMPLETED
ADDED from workspace\Launcher3\AndroidManifest.xml:213:17-79
	android:name
		ADDED from workspace\Launcher3\AndroidManifest.xml:213:25-76
provider#com.android.launcher3.LauncherProvider
ADDED from workspace\Launcher3\AndroidManifest.xml:218:9-223:89
	android:readPermission
		ADDED from workspace\Launcher3\AndroidManifest.xml:222:13-84
	android:authorities
		ADDED from workspace\Launcher3\AndroidManifest.xml:220:13-59
	android:exported
		ADDED from workspace\Launcher3\AndroidManifest.xml:221:13-36
	android:name
		ADDED from workspace\Launcher3\AndroidManifest.xml:219:13-66
	android:writePermission
		ADDED from workspace\Launcher3\AndroidManifest.xml:223:13-86
meta-data#android.nfc.disable_beam_default
ADDED from workspace\Launcher3\AndroidManifest.xml:225:9-227:36
	android:value
		ADDED from workspace\Launcher3\AndroidManifest.xml:227:13-33
	android:name
		ADDED from workspace\Launcher3\AndroidManifest.xml:226:13-60